\BOOKMARK [0][]{Inhaltsverzeichnis.0}{Inhaltsverzeichnis}{}% 1
\BOOKMARK [0][]{section*.2}{Abbildungsverzeichnis}{}% 2
\BOOKMARK [0][]{chapter.1}{1 Einf\374hrung}{}% 3
\BOOKMARK [0][]{chapter.2}{2 Motivation und Problemstellung}{}% 4
\BOOKMARK [1][-]{section.2.1}{2.1 Motivation}{chapter.2}% 5
\BOOKMARK [1][-]{section.2.2}{2.2 Fokus der Arbeit}{chapter.2}% 6
\BOOKMARK [1][-]{section.2.3}{2.3 Brainstorming}{chapter.2}% 7
\BOOKMARK [0][]{chapter.3}{3 Grundlagen}{}% 8
\BOOKMARK [1][-]{section.3.1}{3.1 PSM}{chapter.3}% 9
\BOOKMARK [1][-]{section.3.2}{3.2 Datengetriebene Programmierung}{chapter.3}% 10
\BOOKMARK [0][]{chapter.4}{4 Konzept}{}% 11
\BOOKMARK [1][-]{section.4.1}{4.1 Ansatz}{chapter.4}% 12
\BOOKMARK [1][-]{section.4.2}{4.2 Erkennungsalgorithmus}{chapter.4}% 13
\BOOKMARK [0][]{chapter.5}{5 Implementierung}{}% 14
\BOOKMARK [1][-]{section.5.1}{5.1 Umbau PSM-Systems}{chapter.5}% 15
\BOOKMARK [1][-]{section.5.2}{5.2 Differenzbasierter Erkennungsalgorithmus}{chapter.5}% 16
\BOOKMARK [0][]{chapter.6}{6 Evaluation}{}% 17
\BOOKMARK [1][-]{section.6.1}{6.1 Experiment 1: Fr\374hst\374ck}{chapter.6}% 18
\BOOKMARK [1][-]{section.6.2}{6.2 Experiment 2: Office}{chapter.6}% 19
\BOOKMARK [0][]{chapter.7}{7 Zusammenfassung und Ausblick}{}% 20
\BOOKMARK [0][]{section*.4}{Literaturverzeichnis}{}% 21
